{"meta": {"format": 3, "version": "7.9.2", "timestamp": "2025-11-28T11:46:11.223139", "branch_coverage": false, "show_contexts": false}, "files": {"src\\research_platform\\__init__.py": {"executed_lines": [1, 26, 27, 29, 30, 31, 33], "summary": {"covered_lines": 6, "num_statements": 6, "percent_covered": 100.0, "percent_covered_display": "100", "missing_lines": 0, "excluded_lines": 0}, "missing_lines": [], "excluded_lines": [], "functions": {"": {"executed_lines": [1, 26, 27, 29, 30, 31, 33], "summary": {"covered_lines": 6, "num_statements": 6, "percent_covered": 100.0, "percent_covered_display": "100", "missing_lines": 0, "excluded_lines": 0}, "missing_lines": [], "excluded_lines": []}}, "classes": {"": {"executed_lines": [1, 26, 27, 29, 30, 31, 33], "summary": {"covered_lines": 6, "num_statements": 6, "percent_covered": 100.0, "percent_covered_display": "100", "missing_lines": 0, "excluded_lines": 0}, "missing_lines": [], "excluded_lines": []}}}, "src\\research_platform\\__main__.py": {"executed_lines": [], "summary": {"covered_lines": 0, "num_statements": 38, "percent_covered": 0.0, "percent_covered_display": "0", "missing_lines": 38, "excluded_lines": 2}, "missing_lines": [3, 4, 5, 7, 8, 11, 13, 18, 21, 24, 27, 29, 30, 31, 32, 33, 34, 37, 39, 41, 44, 45, 46, 47, 48, 49, 51, 52, 53, 54, 56, 59, 61, 62, 63, 66, 68, 69], "excluded_lines": [72, 73], "functions": {"setup_logging": {"executed_lines": [], "summary": {"covered_lines": 0, "num_statements": 2, "percent_covered": 0.0, "percent_covered_display": "0", "missing_lines": 2, "excluded_lines": 0}, "missing_lines": [13, 18], "excluded_lines": []}, "main_async": {"executed_lines": [], "summary": {"covered_lines": 0, "num_statements": 26, "percent_covered": 0.0, "percent_covered_display": "0", "missing_lines": 26, "excluded_lines": 0}, "missing_lines": [24, 27, 29, 30, 31, 32, 33, 34, 37, 39, 41, 44, 45, 46, 47, 48, 49, 51, 52, 53, 54, 56, 59, 61, 62, 63], "excluded_lines": []}, "main": {"executed_lines": [], "summary": {"covered_lines": 0, "num_statements": 2, "percent_covered": 0.0, "percent_covered_display": "0", "missing_lines": 2, "excluded_lines": 0}, "missing_lines": [68, 69], "excluded_lines": []}, "": {"executed_lines": [], "summary": {"covered_lines": 0, "num_statements": 8, "percent_covered": 0.0, "percent_covered_display": "0", "missing_lines": 8, "excluded_lines": 2}, "missing_lines": [3, 4, 5, 7, 8, 11, 21, 66], "excluded_lines": [72, 73]}}, "classes": {"": {"executed_lines": [], "summary": {"covered_lines": 0, "num_statements": 38, "percent_covered": 0.0, "percent_covered_display": "0", "missing_lines": 38, "excluded_lines": 2}, "missing_lines": [3, 4, 5, 7, 8, 11, 13, 18, 21, 24, 27, 29, 30, 31, 32, 33, 34, 37, 39, 41, 44, 45, 46, 47, 48, 49, 51, 52, 53, 54, 56, 59, 61, 62, 63, 66, 68, 69], "excluded_lines": [72, 73]}}}, "src\\research_platform\\analyzers\\__init__.py": {"executed_lines": [1, 3, 4, 5, 7], "summary": {"covered_lines": 4, "num_statements": 4, "percent_covered": 100.0, "percent_covered_display": "100", "missing_lines": 0, "excluded_lines": 0}, "missing_lines": [], "excluded_lines": [], "functions": {"": {"executed_lines": [1, 3, 4, 5, 7], "summary": {"covered_lines": 4, "num_statements": 4, "percent_covered": 100.0, "percent_covered_display": "100", "missing_lines": 0, "excluded_lines": 0}, "missing_lines": [], "excluded_lines": []}}, "classes": {"": {"executed_lines": [1, 3, 4, 5, 7], "summary": {"covered_lines": 4, "num_statements": 4, "percent_covered": 100.0, "percent_covered_display": "100", "missing_lines": 0, "excluded_lines": 0}, "missing_lines": [], "excluded_lines": []}}}, "src\\research_platform\\analyzers\\base.py": {"executed_lines": [1, 3, 4, 6, 9, 10, 12, 13, 25, 26], "summary": {"covered_lines": 8, "num_statements": 10, "percent_covered": 80.0, "percent_covered_display": "80", "missing_lines": 2, "excluded_lines": 0}, "missing_lines": [23, 28], "excluded_lines": [], "functions": {"BaseAnalyzer.analyze": {"executed_lines": [], "summary": {"covered_lines": 0, "num_statements": 1, "percent_covered": 0.0, "percent_covered_display": "0", "missing_lines": 1, "excluded_lines": 0}, "missing_lines": [23], "excluded_lines": []}, "BaseAnalyzer.validate_results": {"executed_lines": [], "summary": {"covered_lines": 0, "num_statements": 1, "percent_covered": 0.0, "percent_covered_display": "0", "missing_lines": 1, "excluded_lines": 0}, "missing_lines": [28], "excluded_lines": []}, "": {"executed_lines": [1, 3, 4, 6, 9, 10, 12, 13, 25, 26], "summary": {"covered_lines": 8, "num_statements": 8, "percent_covered": 100.0, "percent_covered_display": "100", "missing_lines": 0, "excluded_lines": 0}, "missing_lines": [], "excluded_lines": []}}, "classes": {"BaseAnalyzer": {"executed_lines": [], "summary": {"covered_lines": 0, "num_statements": 2, "percent_covered": 0.0, "percent_covered_display": "0", "missing_lines": 2, "excluded_lines": 0}, "missing_lines": [23, 28], "excluded_lines": []}, "": {"executed_lines": [1, 3, 4, 6, 9, 10, 12, 13, 25, 26], "summary": {"covered_lines": 8, "num_statements": 8, "percent_covered": 100.0, "percent_covered_display": "100", "missing_lines": 0, "excluded_lines": 0}, "missing_lines": [], "excluded_lines": []}}}, "src\\research_platform\\analyzers\\code_quality.py": {"executed_lines": [1, 3, 4, 5, 6, 8, 9, 12, 13, 15, 16, 18, 28, 29, 31, 32, 33, 34, 35, 36, 38, 45, 48, 50, 58, 60, 61], "summary": {"covered_lines": 25, "num_statements": 25, "percent_covered": 100.0, "percent_covered_display": "100", "missing_lines": 0, "excluded_lines": 0}, "missing_lines": [], "excluded_lines": [], "functions": {"CodeQualityAnalyzer.__init__": {"executed_lines": [16], "summary": {"covered_lines": 1, "num_statements": 1, "percent_covered": 100.0, "percent_covered_display": "100", "missing_lines": 0, "excluded_lines": 0}, "missing_lines": [], "excluded_lines": []}, "CodeQualityAnalyzer.analyze": {"executed_lines": [28, 29, 31, 32, 33, 34, 35, 36, 38], "summary": {"covered_lines": 9, "num_statements": 9, "percent_covered": 100.0, "percent_covered_display": "100", "missing_lines": 0, "excluded_lines": 0}, "missing_lines": [], "excluded_lines": []}, "CodeQualityAnalyzer._analyze_repo": {"executed_lines": [48, 50], "summary": {"covered_lines": 2, "num_statements": 2, "percent_covered": 100.0, "percent_covered_display": "100", "missing_lines": 0, "excluded_lines": 0}, "missing_lines": [], "excluded_lines": []}, "CodeQualityAnalyzer.validate_results": {"executed_lines": [60, 61], "summary": {"covered_lines": 2, "num_statements": 2, "percent_covered": 100.0, "percent_covered_display": "100", "missing_lines": 0, "excluded_lines": 0}, "missing_lines": [], "excluded_lines": []}, "": {"executed_lines": [1, 3, 4, 5, 6, 8, 9, 12, 13, 15, 18, 45, 58], "summary": {"covered_lines": 11, "num_statements": 11, "percent_covered": 100.0, "percent_covered_display": "100", "missing_lines": 0, "excluded_lines": 0}, "missing_lines": [], "excluded_lines": []}}, "classes": {"CodeQualityAnalyzer": {"executed_lines": [16, 28, 29, 31, 32, 33, 34, 35, 36, 38, 48, 50, 60, 61], "summary": {"covered_lines": 14, "num_statements": 14, "percent_covered": 100.0, "percent_covered_display": "100", "missing_lines": 0, "excluded_lines": 0}, "missing_lines": [], "excluded_lines": []}, "": {"executed_lines": [1, 3, 4, 5, 6, 8, 9, 12, 13, 15, 18, 45, 58], "summary": {"covered_lines": 11, "num_statements": 11, "percent_covered": 100.0, "percent_covered_display": "100", "missing_lines": 0, "excluded_lines": 0}, "missing_lines": [], "excluded_lines": []}}}, "src\\research_platform\\analyzers\\health_scorer.py": {"executed_lines": [1, 3, 4, 5, 7, 8, 11, 12, 14, 15, 17, 27, 29, 30, 31, 32, 33, 34, 36, 43, 45], "summary": {"covered_lines": 19, "num_statements": 19, "percent_covered": 100.0, "percent_covered_display": "100", "missing_lines": 0, "excluded_lines": 0}, "missing_lines": [], "excluded_lines": [], "functions": {"HealthScorer.__init__": {"executed_lines": [15], "summary": {"covered_lines": 1, "num_statements": 1, "percent_covered": 100.0, "percent_covered_display": "100", "missing_lines": 0, "excluded_lines": 0}, "missing_lines": [], "excluded_lines": []}, "HealthScorer.analyze": {"executed_lines": [27, 29, 30, 31, 32, 33, 34, 36], "summary": {"covered_lines": 8, "num_statements": 8, "percent_covered": 100.0, "percent_covered_display": "100", "missing_lines": 0, "excluded_lines": 0}, "missing_lines": [], "excluded_lines": []}, "HealthScorer.validate_results": {"executed_lines": [45], "summary": {"covered_lines": 1, "num_statements": 1, "percent_covered": 100.0, "percent_covered_display": "100", "missing_lines": 0, "excluded_lines": 0}, "missing_lines": [], "excluded_lines": []}, "": {"executed_lines": [1, 3, 4, 5, 7, 8, 11, 12, 14, 17, 43], "summary": {"covered_lines": 9, "num_statements": 9, "percent_covered": 100.0, "percent_covered_display": "100", "missing_lines": 0, "excluded_lines": 0}, "missing_lines": [], "excluded_lines": []}}, "classes": {"HealthScorer": {"executed_lines": [15, 27, 29, 30, 31, 32, 33, 34, 36, 45], "summary": {"covered_lines": 10, "num_statements": 10, "percent_covered": 100.0, "percent_covered_display": "100", "missing_lines": 0, "excluded_lines": 0}, "missing_lines": [], "excluded_lines": []}, "": {"executed_lines": [1, 3, 4, 5, 7, 8, 11, 12, 14, 17, 43], "summary": {"covered_lines": 9, "num_statements": 9, "percent_covered": 100.0, "percent_covered_display": "100", "missing_lines": 0, "excluded_lines": 0}, "missing_lines": [], "excluded_lines": []}}}, "src\\research_platform\\analyzers\\topic_modeling.py": {"executed_lines": [1, 3, 4, 6, 7, 10, 11, 13, 21, 46, 77, 110], "summary": {"covered_lines": 10, "num_statements": 45, "percent_covered": 22.22222222222222, "percent_covered_display": "22", "missing_lines": 35, "excluded_lines": 0}, "missing_lines": [18, 19, 34, 39, 42, 44, 48, 49, 51, 53, 54, 55, 58, 59, 61, 62, 63, 64, 66, 75, 79, 80, 82, 84, 85, 88, 91, 92, 94, 95, 96, 97, 99, 108, 112], "excluded_lines": [], "functions": {"TopicModelingAnalyzer.__init__": {"executed_lines": [], "summary": {"covered_lines": 0, "num_statements": 2, "percent_covered": 0.0, "percent_covered_display": "0", "missing_lines": 2, "excluded_lines": 0}, "missing_lines": [18, 19], "excluded_lines": []}, "TopicModelingAnalyzer.analyze": {"executed_lines": [], "summary": {"covered_lines": 0, "num_statements": 4, "percent_covered": 0.0, "percent_covered_display": "0", "missing_lines": 4, "excluded_lines": 0}, "missing_lines": [34, 39, 42, 44], "excluded_lines": []}, "TopicModelingAnalyzer._extract_nmf_topics": {"executed_lines": [], "summary": {"covered_lines": 0, "num_statements": 14, "percent_covered": 0.0, "percent_covered_display": "0", "missing_lines": 14, "excluded_lines": 0}, "missing_lines": [48, 49, 51, 53, 54, 55, 58, 59, 61, 62, 63, 64, 66, 75], "excluded_lines": []}, "TopicModelingAnalyzer._extract_lda_topics": {"executed_lines": [], "summary": {"covered_lines": 0, "num_statements": 14, "percent_covered": 0.0, "percent_covered_display": "0", "missing_lines": 14, "excluded_lines": 0}, "missing_lines": [79, 80, 82, 84, 85, 88, 91, 92, 94, 95, 96, 97, 99, 108], "excluded_lines": []}, "TopicModelingAnalyzer.validate_results": {"executed_lines": [], "summary": {"covered_lines": 0, "num_statements": 1, "percent_covered": 0.0, "percent_covered_display": "0", "missing_lines": 1, "excluded_lines": 0}, "missing_lines": [112], "excluded_lines": []}, "": {"executed_lines": [1, 3, 4, 6, 7, 10, 11, 13, 21, 46, 77, 110], "summary": {"covered_lines": 10, "num_statements": 10, "percent_covered": 100.0, "percent_covered_display": "100", "missing_lines": 0, "excluded_lines": 0}, "missing_lines": [], "excluded_lines": []}}, "classes": {"TopicModelingAnalyzer": {"executed_lines": [], "summary": {"covered_lines": 0, "num_statements": 35, "percent_covered": 0.0, "percent_covered_display": "0", "missing_lines": 35, "excluded_lines": 0}, "missing_lines": [18, 19, 34, 39, 42, 44, 48, 49, 51, 53, 54, 55, 58, 59, 61, 62, 63, 64, 66, 75, 79, 80, 82, 84, 85, 88, 91, 92, 94, 95, 96, 97, 99, 108, 112], "excluded_lines": []}, "": {"executed_lines": [1, 3, 4, 6, 7, 10, 11, 13, 21, 46, 77, 110], "summary": {"covered_lines": 10, "num_statements": 10, "percent_covered": 100.0, "percent_covered_display": "100", "missing_lines": 0, "excluded_lines": 0}, "missing_lines": [], "excluded_lines": []}}}, "src\\research_platform\\config\\settings.py": {"executed_lines": [1, 3, 4, 5, 6, 7, 9, 12, 13, 14, 16, 17, 18, 19, 20, 21, 22, 24, 25, 27, 30, 31, 32, 34, 35, 36, 37, 38, 39, 41, 42, 44, 46, 48, 49, 50, 51, 52, 55, 56, 57, 59, 60, 61, 62, 63, 65, 66, 68, 69, 70, 73, 74, 75, 77, 78, 79, 80, 81, 82, 84, 85, 87, 90, 91, 92, 94, 95, 96, 97, 100, 101, 102, 105, 106, 107, 108, 111, 114, 124, 125, 127, 128, 130, 131, 134, 137, 138, 140, 141, 143, 146, 147, 150, 151, 152, 154, 156, 157, 159, 160, 162, 163, 166, 168, 170, 171, 173, 183, 184, 186, 196, 197, 198, 199, 200, 201, 204, 207, 208, 210, 212, 214, 216, 218, 220, 221, 222, 224, 225, 226, 228, 230, 232, 234, 235, 237, 239, 241, 242, 244, 247, 250, 251, 254, 255, 257, 259, 261, 263, 264, 266, 268, 270, 272], "summary": {"covered_lines": 149, "num_statements": 152, "percent_covered": 98.02631578947368, "percent_covered_display": "98", "missing_lines": 3, "excluded_lines": 0}, "missing_lines": [144, 205, 223], "excluded_lines": [], "functions": {"DatabaseConfig.from_dict": {"executed_lines": [27], "summary": {"covered_lines": 1, "num_statements": 1, "percent_covered": 100.0, "percent_covered_display": "100", "missing_lines": 0, "excluded_lines": 0}, "missing_lines": [], "excluded_lines": []}, "GitHubConfig.from_dict": {"executed_lines": [44], "summary": {"covered_lines": 1, "num_statements": 1, "percent_covered": 100.0, "percent_covered_display": "100", "missing_lines": 0, "excluded_lines": 0}, "missing_lines": [], "excluded_lines": []}, "GitHubConfig.validate": {"executed_lines": [48, 49, 50, 51, 52], "summary": {"covered_lines": 5, "num_statements": 5, "percent_covered": 100.0, "percent_covered_display": "100", "missing_lines": 0, "excluded_lines": 0}, "missing_lines": [], "excluded_lines": []}, "CacheConfig.from_dict": {"executed_lines": [68, 69, 70], "summary": {"covered_lines": 3, "num_statements": 3, "percent_covered": 100.0, "percent_covered_display": "100", "missing_lines": 0, "excluded_lines": 0}, "missing_lines": [], "excluded_lines": []}, "LoggingConfig.from_dict": {"executed_lines": [87], "summary": {"covered_lines": 1, "num_statements": 1, "percent_covered": 100.0, "percent_covered_display": "100", "missing_lines": 0, "excluded_lines": 0}, "missing_lines": [], "excluded_lines": []}, "Settings.from_yaml": {"executed_lines": [127, 128, 130, 131, 134, 137, 138, 140, 141, 143, 146, 147, 150, 151, 152, 154], "summary": {"covered_lines": 16, "num_statements": 17, "percent_covered": 94.11764705882354, "percent_covered_display": "94", "missing_lines": 1, "excluded_lines": 0}, "missing_lines": [144], "excluded_lines": []}, "Settings.from_json": {"executed_lines": [159, 160, 162, 163, 166, 168], "summary": {"covered_lines": 6, "num_statements": 6, "percent_covered": 100.0, "percent_covered_display": "100", "missing_lines": 0, "excluded_lines": 0}, "missing_lines": [], "excluded_lines": []}, "Settings.from_env": {"executed_lines": [173], "summary": {"covered_lines": 1, "num_statements": 1, "percent_covered": 100.0, "percent_covered_display": "100", "missing_lines": 0, "excluded_lines": 0}, "missing_lines": [], "excluded_lines": []}, "Settings._override_with_env": {"executed_lines": [186, 196, 197, 198, 199, 200, 201, 204, 207, 208, 210, 212], "summary": {"covered_lines": 12, "num_statements": 13, "percent_covered": 92.3076923076923, "percent_covered_display": "92", "missing_lines": 1, "excluded_lines": 0}, "missing_lines": [205], "excluded_lines": []}, "Settings.to_dict": {"executed_lines": [216, 218, 228], "summary": {"covered_lines": 3, "num_statements": 3, "percent_covered": 100.0, "percent_covered_display": "100", "missing_lines": 0, "excluded_lines": 0}, "missing_lines": [], "excluded_lines": []}, "Settings.to_dict.convert_paths": {"executed_lines": [220, 221, 222, 224, 225, 226], "summary": {"covered_lines": 6, "num_statements": 7, "percent_covered": 85.71428571428571, "percent_covered_display": "86", "missing_lines": 1, "excluded_lines": 0}, "missing_lines": [223], "excluded_lines": []}, "Settings.save_to_yaml": {"executed_lines": [232, 234, 235], "summary": {"covered_lines": 3, "num_statements": 3, "percent_covered": 100.0, "percent_covered_display": "100", "missing_lines": 0, "excluded_lines": 0}, "missing_lines": [], "excluded_lines": []}, "Settings.save_to_json": {"executed_lines": [239, 241, 242], "summary": {"covered_lines": 3, "num_statements": 3, "percent_covered": 100.0, "percent_covered_display": "100", "missing_lines": 0, "excluded_lines": 0}, "missing_lines": [], "excluded_lines": []}, "Settings.validate": {"executed_lines": [247, 250, 251, 254, 255, 257], "summary": {"covered_lines": 6, "num_statements": 6, "percent_covered": 100.0, "percent_covered_display": "100", "missing_lines": 0, "excluded_lines": 0}, "missing_lines": [], "excluded_lines": []}, "Settings.get_phase_config": {"executed_lines": [261, 263, 264], "summary": {"covered_lines": 3, "num_statements": 3, "percent_covered": 100.0, "percent_covered_display": "100", "missing_lines": 0, "excluded_lines": 0}, "missing_lines": [], "excluded_lines": []}, "Settings.is_feature_enabled": {"executed_lines": [268], "summary": {"covered_lines": 1, "num_statements": 1, "percent_covered": 100.0, "percent_covered_display": "100", "missing_lines": 0, "excluded_lines": 0}, "missing_lines": [], "excluded_lines": []}, "Settings.__str__": {"executed_lines": [272], "summary": {"covered_lines": 1, "num_statements": 1, "percent_covered": 100.0, "percent_covered_display": "100", "missing_lines": 0, "excluded_lines": 0}, "missing_lines": [], "excluded_lines": []}, "": {"executed_lines": [1, 3, 4, 5, 6, 7, 9, 12, 13, 14, 16, 17, 18, 19, 20, 21, 22, 24, 25, 30, 31, 32, 34, 35, 36, 37, 38, 39, 41, 42, 46, 55, 56, 57, 59, 60, 61, 62, 63, 65, 66, 73, 74, 75, 77, 78, 79, 80, 81, 82, 84, 85, 90, 91, 92, 94, 95, 96, 97, 100, 101, 102, 105, 106, 107, 108, 111, 114, 124, 125, 156, 157, 170, 171, 183, 184, 214, 230, 237, 244, 259, 266, 270], "summary": {"covered_lines": 77, "num_statements": 77, "percent_covered": 100.0, "percent_covered_display": "100", "missing_lines": 0, "excluded_lines": 0}, "missing_lines": [], "excluded_lines": []}}, "classes": {"DatabaseConfig": {"executed_lines": [27], "summary": {"covered_lines": 1, "num_statements": 1, "percent_covered": 100.0, "percent_covered_display": "100", "missing_lines": 0, "excluded_lines": 0}, "missing_lines": [], "excluded_lines": []}, "GitHubConfig": {"executed_lines": [44, 48, 49, 50, 51, 52], "summary": {"covered_lines": 6, "num_statements": 6, "percent_covered": 100.0, "percent_covered_display": "100", "missing_lines": 0, "excluded_lines": 0}, "missing_lines": [], "excluded_lines": []}, "CacheConfig": {"executed_lines": [68, 69, 70], "summary": {"covered_lines": 3, "num_statements": 3, "percent_covered": 100.0, "percent_covered_display": "100", "missing_lines": 0, "excluded_lines": 0}, "missing_lines": [], "excluded_lines": []}, "LoggingConfig": {"executed_lines": [87], "summary": {"covered_lines": 1, "num_statements": 1, "percent_covered": 100.0, "percent_covered_display": "100", "missing_lines": 0, "excluded_lines": 0}, "missing_lines": [], "excluded_lines": []}, "Settings": {"executed_lines": [127, 128, 130, 131, 134, 137, 138, 140, 141, 143, 146, 147, 150, 151, 152, 154, 159, 160, 162, 163, 166, 168, 173, 186, 196, 197, 198, 199, 200, 201, 204, 207, 208, 210, 212, 216, 218, 220, 221, 222, 224, 225, 226, 228, 232, 234, 235, 239, 241, 242, 247, 250, 251, 254, 255, 257, 261, 263, 264, 268, 272], "summary": {"covered_lines": 61, "num_statements": 64, "percent_covered": 95.3125, "percent_covered_display": "95", "missing_lines": 3, "excluded_lines": 0}, "missing_lines": [144, 205, 223], "excluded_lines": []}, "": {"executed_lines": [1, 3, 4, 5, 6, 7, 9, 12, 13, 14, 16, 17, 18, 19, 20, 21, 22, 24, 25, 30, 31, 32, 34, 35, 36, 37, 38, 39, 41, 42, 46, 55, 56, 57, 59, 60, 61, 62, 63, 65, 66, 73, 74, 75, 77, 78, 79, 80, 81, 82, 84, 85, 90, 91, 92, 94, 95, 96, 97, 100, 101, 102, 105, 106, 107, 108, 111, 114, 124, 125, 156, 157, 170, 171, 183, 184, 214, 230, 237, 244, 259, 266, 270], "summary": {"covered_lines": 77, "num_statements": 77, "percent_covered": 100.0, "percent_covered_display": "100", "missing_lines": 0, "excluded_lines": 0}, "missing_lines": [], "excluded_lines": []}}}, "src\\research_platform\\core\\__init__.py": {"executed_lines": [1, 3, 9, 10, 12], "summary": {"covered_lines": 4, "num_statements": 4, "percent_covered": 100.0, "percent_covered_display": "100", "missing_lines": 0, "excluded_lines": 0}, "missing_lines": [], "excluded_lines": [], "functions": {"": {"executed_lines": [1, 3, 9, 10, 12], "summary": {"covered_lines": 4, "num_statements": 4, "percent_covered": 100.0, "percent_covered_display": "100", "missing_lines": 0, "excluded_lines": 0}, "missing_lines": [], "excluded_lines": []}}, "classes": {"": {"executed_lines": [1, 3, 9, 10, 12], "summary": {"covered_lines": 4, "num_statements": 4, "percent_covered": 100.0, "percent_covered_display": "100", "missing_lines": 0, "excluded_lines": 0}, "missing_lines": [], "excluded_lines": []}}}, "src\\research_platform\\core\\exceptions.py": {"executed_lines": [1, 4, 5, 7, 13, 14, 16, 19, 20, 22, 25, 26, 28, 31, 32, 34, 37, 38, 40, 43, 44, 46], "summary": {"covered_lines": 14, "num_statements": 19, "percent_covered": 73.6842105263158, "percent_covered_display": "74", "missing_lines": 5, "excluded_lines": 0}, "missing_lines": [8, 9, 10, 47, 48], "excluded_lines": [], "functions": {"PlatformException.__init__": {"executed_lines": [], "summary": {"covered_lines": 0, "num_statements": 3, "percent_covered": 0.0, "percent_covered_display": "0", "missing_lines": 3, "excluded_lines": 0}, "missing_lines": [8, 9, 10], "excluded_lines": []}, "RateLimitException.__init__": {"executed_lines": [], "summary": {"covered_lines": 0, "num_statements": 2, "percent_covered": 0.0, "percent_covered_display": "0", "missing_lines": 2, "excluded_lines": 0}, "missing_lines": [47, 48], "excluded_lines": []}, "": {"executed_lines": [1, 4, 5, 7, 13, 14, 16, 19, 20, 22, 25, 26, 28, 31, 32, 34, 37, 38, 40, 43, 44, 46], "summary": {"covered_lines": 14, "num_statements": 14, "percent_covered": 100.0, "percent_covered_display": "100", "missing_lines": 0, "excluded_lines": 0}, "missing_lines": [], "excluded_lines": []}}, "classes": {"PlatformException": {"executed_lines": [], "summary": {"covered_lines": 0, "num_statements": 3, "percent_covered": 0.0, "percent_covered_display": "0", "missing_lines": 3, "excluded_lines": 0}, "missing_lines": [8, 9, 10], "excluded_lines": []}, "DataFetchException": {"executed_lines": [], "summary": {"covered_lines": 0, "num_statements": 0, "percent_covered": 100.0, "percent_covered_display": "100", "missing_lines": 0, "excluded_lines": 0}, "missing_lines": [], "excluded_lines": []}, "AnalysisException": {"executed_lines": [], "summary": {"covered_lines": 0, "num_statements": 0, "percent_covered": 100.0, "percent_covered_display": "100", "missing_lines": 0, "excluded_lines": 0}, "missing_lines": [], "excluded_lines": []}, "ValidationException": {"executed_lines": [], "summary": {"covered_lines": 0, "num_statements": 0, "percent_covered": 100.0, "percent_covered_display": "100", "missing_lines": 0, "excluded_lines": 0}, "missing_lines": [], "excluded_lines": []}, "ConfigurationException": {"executed_lines": [], "summary": {"covered_lines": 0, "num_statements": 0, "percent_covered": 100.0, "percent_covered_display": "100", "missing_lines": 0, "excluded_lines": 0}, "missing_lines": [], "excluded_lines": []}, "CacheException": {"executed_lines": [], "summary": {"covered_lines": 0, "num_statements": 0, "percent_covered": 100.0, "percent_covered_display": "100", "missing_lines": 0, "excluded_lines": 0}, "missing_lines": [], "excluded_lines": []}, "RateLimitException": {"executed_lines": [], "summary": {"covered_lines": 0, "num_statements": 2, "percent_covered": 0.0, "percent_covered_display": "0", "missing_lines": 2, "excluded_lines": 0}, "missing_lines": [47, 48], "excluded_lines": []}, "": {"executed_lines": [1, 4, 5, 7, 13, 14, 16, 19, 20, 22, 25, 26, 28, 31, 32, 34, 37, 38, 40, 43, 44, 46], "summary": {"covered_lines": 14, "num_statements": 14, "percent_covered": 100.0, "percent_covered_display": "100", "missing_lines": 0, "excluded_lines": 0}, "missing_lines": [], "excluded_lines": []}}}, "src\\research_platform\\core\\orchestrator.py": {"executed_lines": [1, 3, 4, 5, 6, 7, 8, 10, 13, 14, 15, 17, 18, 19, 20, 21, 22, 23, 24, 26, 28, 44, 45, 47, 48, 49, 50, 51, 52, 54, 56, 57, 59, 61, 62, 64, 65, 67, 68, 69, 71, 72, 74, 76, 86, 87, 88, 89, 90, 93, 95, 96, 97, 98, 99, 101, 103, 104, 106, 108, 109, 110, 113, 117, 118, 121, 122, 125, 132, 134, 144, 146, 148, 149, 150, 152, 153, 155, 158, 159, 161, 162, 163, 167, 181, 183, 186, 187, 189, 191, 193, 195, 197, 199, 202, 205, 208, 210, 213, 215, 216, 217, 218, 220, 221, 222, 223, 225, 227, 229, 231, 232, 242], "summary": {"covered_lines": 110, "num_statements": 123, "percent_covered": 89.4308943089431, "percent_covered_display": "89", "missing_lines": 13, "excluded_lines": 0}, "missing_lines": [114, 127, 128, 129, 169, 170, 172, 173, 175, 176, 178, 179, 206], "excluded_lines": [], "functions": {"PipelineResult.to_dict": {"executed_lines": [28], "summary": {"covered_lines": 1, "num_statements": 1, "percent_covered": 100.0, "percent_covered_display": "100", "missing_lines": 0, "excluded_lines": 0}, "missing_lines": [], "excluded_lines": []}, "PipelineOrchestrator.__init__": {"executed_lines": [48, 49, 50, 51, 52], "summary": {"covered_lines": 5, "num_statements": 5, "percent_covered": 100.0, "percent_covered_display": "100", "missing_lines": 0, "excluded_lines": 0}, "missing_lines": [], "excluded_lines": []}, "PipelineOrchestrator.register_phase": {"executed_lines": [56, 57], "summary": {"covered_lines": 2, "num_statements": 2, "percent_covered": 100.0, "percent_covered_display": "100", "missing_lines": 0, "excluded_lines": 0}, "missing_lines": [], "excluded_lines": []}, "PipelineOrchestrator.register_phases": {"executed_lines": [61, 62], "summary": {"covered_lines": 2, "num_statements": 2, "percent_covered": 100.0, "percent_covered_display": "100", "missing_lines": 0, "excluded_lines": 0}, "missing_lines": [], "excluded_lines": []}, "PipelineOrchestrator._phase_context": {"executed_lines": [67, 68, 69, 71, 72, 74], "summary": {"covered_lines": 6, "num_statements": 6, "percent_covered": 100.0, "percent_covered_display": "100", "missing_lines": 0, "excluded_lines": 0}, "missing_lines": [], "excluded_lines": []}, "PipelineOrchestrator.execute_pipeline": {"executed_lines": [86, 87, 88, 89, 90, 93, 95, 96, 97, 98, 99, 101, 103, 104, 106, 108, 109, 110, 113, 117, 118, 121, 122, 125, 132, 134], "summary": {"covered_lines": 26, "num_statements": 30, "percent_covered": 86.66666666666667, "percent_covered_display": "87", "missing_lines": 4, "excluded_lines": 0}, "missing_lines": [114, 127, 128, 129], "excluded_lines": []}, "PipelineOrchestrator._execute_phase_with_retry": {"executed_lines": [146, 148, 149, 150, 152, 153, 155, 158, 159, 161, 162, 163, 167, 181], "summary": {"covered_lines": 14, "num_statements": 22, "percent_covered": 63.63636363636363, "percent_covered_display": "64", "missing_lines": 8, "excluded_lines": 0}, "missing_lines": [169, 170, 172, 173, 175, 176, 178, 179], "excluded_lines": []}, "PipelineOrchestrator._should_stop_on_failure": {"executed_lines": [186, 187], "summary": {"covered_lines": 2, "num_statements": 2, "percent_covered": 100.0, "percent_covered_display": "100", "missing_lines": 0, "excluded_lines": 0}, "missing_lines": [], "excluded_lines": []}, "PipelineOrchestrator.get_phase_result": {"executed_lines": [191], "summary": {"covered_lines": 1, "num_statements": 1, "percent_covered": 100.0, "percent_covered_display": "100", "missing_lines": 0, "excluded_lines": 0}, "missing_lines": [], "excluded_lines": []}, "PipelineOrchestrator.get_context_data": {"executed_lines": [195], "summary": {"covered_lines": 1, "num_statements": 1, "percent_covered": 100.0, "percent_covered_display": "100", "missing_lines": 0, "excluded_lines": 0}, "missing_lines": [], "excluded_lines": []}, "PipelineOrchestrator.cleanup": {"executed_lines": [199, 202, 205], "summary": {"covered_lines": 3, "num_statements": 4, "percent_covered": 75.0, "percent_covered_display": "75", "missing_lines": 1, "excluded_lines": 0}, "missing_lines": [206], "excluded_lines": []}, "PipelineOrchestrator.validate_pipeline_config": {"executed_lines": [210, 213, 215, 216, 217, 218, 220, 221, 222, 223, 225], "summary": {"covered_lines": 11, "num_statements": 11, "percent_covered": 100.0, "percent_covered_display": "100", "missing_lines": 0, "excluded_lines": 0}, "missing_lines": [], "excluded_lines": []}, "PipelineOrchestrator.get_execution_plan": {"executed_lines": [229, 231, 232, 242], "summary": {"covered_lines": 4, "num_statements": 4, "percent_covered": 100.0, "percent_covered_display": "100", "missing_lines": 0, "excluded_lines": 0}, "missing_lines": [], "excluded_lines": []}, "": {"executed_lines": [1, 3, 4, 5, 6, 7, 8, 10, 13, 14, 15, 17, 18, 19, 20, 21, 22, 23, 24, 26, 44, 45, 47, 54, 59, 64, 65, 76, 144, 183, 189, 193, 197, 208, 227], "summary": {"covered_lines": 32, "num_statements": 32, "percent_covered": 100.0, "percent_covered_display": "100", "missing_lines": 0, "excluded_lines": 0}, "missing_lines": [], "excluded_lines": []}}, "classes": {"PipelineResult": {"executed_lines": [28], "summary": {"covered_lines": 1, "num_statements": 1, "percent_covered": 100.0, "percent_covered_display": "100", "missing_lines": 0, "excluded_lines": 0}, "missing_lines": [], "excluded_lines": []}, "PipelineOrchestrator": {"executed_lines": [48, 49, 50, 51, 52, 56, 57, 61, 62, 67, 68, 69, 71, 72, 74, 86, 87, 88, 89, 90, 93, 95, 96, 97, 98, 99, 101, 103, 104, 106, 108, 109, 110, 113, 117, 118, 121, 122, 125, 132, 134, 146, 148, 149, 150, 152, 153, 155, 158, 159, 161, 162, 163, 167, 181, 186, 187, 191, 195, 199, 202, 205, 210, 213, 215, 216, 217, 218, 220, 221, 222, 223, 225, 229, 231, 232, 242], "summary": {"covered_lines": 77, "num_statements": 90, "percent_covered": 85.55555555555556, "percent_covered_display": "86", "missing_lines": 13, "excluded_lines": 0}, "missing_lines": [114, 127, 128, 129, 169, 170, 172, 173, 175, 176, 178, 179, 206], "excluded_lines": []}, "": {"executed_lines": [1, 3, 4, 5, 6, 7, 8, 10, 13, 14, 15, 17, 18, 19, 20, 21, 22, 23, 24, 26, 44, 45, 47, 54, 59, 64, 65, 76, 144, 183, 189, 193, 197, 208, 227], "summary": {"covered_lines": 32, "num_statements": 32, "percent_covered": 100.0, "percent_covered_display": "100", "missing_lines": 0, "excluded_lines": 0}, "missing_lines": [], "excluded_lines": []}}}, "src\\research_platform\\core\\phase.py": {"executed_lines": [1, 3, 4, 5, 6, 7, 8, 11, 12, 13, 15, 16, 17, 18, 19, 20, 22, 23, 24, 27, 28, 30, 31, 32, 33, 34, 35, 36, 37, 39, 41, 42, 43, 44, 46, 47, 49, 50, 53, 65, 66, 68, 69, 70, 71, 72, 74, 79, 85, 86, 98, 99, 111, 113, 114, 117, 119, 121, 123, 125, 131, 132, 133, 134, 137, 139, 141, 142, 146, 147, 148, 149, 150, 152, 153, 154, 155, 156, 158, 159, 161, 166], "summary": {"covered_lines": 78, "num_statements": 95, "percent_covered": 82.10526315789474, "percent_covered_display": "82", "missing_lines": 17, "excluded_lines": 0}, "missing_lines": [51, 55, 76, 77, 81, 82, 83, 96, 109, 115, 116, 126, 127, 128, 163, 164, 168], "excluded_lines": [], "functions": {"PhaseConfig.__post_init__": {"executed_lines": [23, 24], "summary": {"covered_lines": 2, "num_statements": 2, "percent_covered": 100.0, "percent_covered_display": "100", "missing_lines": 0, "excluded_lines": 0}, "missing_lines": [], "excluded_lines": []}, "PhaseResult.__init__": {"executed_lines": [31, 32, 33, 34, 35, 36, 37], "summary": {"covered_lines": 7, "num_statements": 7, "percent_covered": 100.0, "percent_covered_display": "100", "missing_lines": 0, "excluded_lines": 0}, "missing_lines": [], "excluded_lines": []}, "PhaseResult.complete": {"executed_lines": [41, 42, 43, 44], "summary": {"covered_lines": 4, "num_statements": 4, "percent_covered": 100.0, "percent_covered_display": "100", "missing_lines": 0, "excluded_lines": 0}, "missing_lines": [], "excluded_lines": []}, "PhaseResult.duration": {"executed_lines": [49, 50], "summary": {"covered_lines": 2, "num_statements": 3, "percent_covered": 66.66666666666667, "percent_covered_display": "67", "missing_lines": 1, "excluded_lines": 0}, "missing_lines": [51], "excluded_lines": []}, "PhaseResult.to_dict": {"executed_lines": [], "summary": {"covered_lines": 0, "num_statements": 1, "percent_covered": 0.0, "percent_covered_display": "0", "missing_lines": 1, "excluded_lines": 0}, "missing_lines": [55], "excluded_lines": []}, "Phase.__init__": {"executed_lines": [69, 70, 71, 72], "summary": {"covered_lines": 4, "num_statements": 4, "percent_covered": 100.0, "percent_covered_display": "100", "missing_lines": 0, "excluded_lines": 0}, "missing_lines": [], "excluded_lines": []}, "Phase.inject_dependency": {"executed_lines": [], "summary": {"covered_lines": 0, "num_statements": 2, "percent_covered": 0.0, "percent_covered_display": "0", "missing_lines": 2, "excluded_lines": 0}, "missing_lines": [76, 77], "excluded_lines": []}, "Phase.get_dependency": {"executed_lines": [], "summary": {"covered_lines": 0, "num_statements": 3, "percent_covered": 0.0, "percent_covered_display": "0", "missing_lines": 3, "excluded_lines": 0}, "missing_lines": [81, 82, 83], "excluded_lines": []}, "Phase.execute": {"executed_lines": [], "summary": {"covered_lines": 0, "num_statements": 1, "percent_covered": 0.0, "percent_covered_display": "0", "missing_lines": 1, "excluded_lines": 0}, "missing_lines": [96], "excluded_lines": []}, "Phase.validate_input": {"executed_lines": [], "summary": {"covered_lines": 0, "num_statements": 1, "percent_covered": 0.0, "percent_covered_display": "0", "missing_lines": 1, "excluded_lines": 0}, "missing_lines": [109], "excluded_lines": []}, "Phase.validate_dependencies": {"executed_lines": [113, 114, 117], "summary": {"covered_lines": 3, "num_statements": 5, "percent_covered": 60.0, "percent_covered_display": "60", "missing_lines": 2, "excluded_lines": 0}, "missing_lines": [115, 116], "excluded_lines": []}, "Phase.run": {"executed_lines": [121, 123, 125, 131, 132, 133, 134, 137, 139, 141, 142, 146, 147, 148, 149, 150, 152, 153, 154, 155, 156, 158, 159], "summary": {"covered_lines": 23, "num_statements": 26, "percent_covered": 88.46153846153847, "percent_covered_display": "88", "missing_lines": 3, "excluded_lines": 0}, "missing_lines": [126, 127, 128], "excluded_lines": []}, "Phase.handle_error": {"executed_lines": [], "summary": {"covered_lines": 0, "num_statements": 2, "percent_covered": 0.0, "percent_covered_display": "0", "missing_lines": 2, "excluded_lines": 0}, "missing_lines": [163, 164], "excluded_lines": []}, "Phase.get_result": {"executed_lines": [], "summary": {"covered_lines": 0, "num_statements": 1, "percent_covered": 0.0, "percent_covered_display": "0", "missing_lines": 1, "excluded_lines": 0}, "missing_lines": [168], "excluded_lines": []}, "": {"executed_lines": [1, 3, 4, 5, 6, 7, 8, 11, 12, 13, 15, 16, 17, 18, 19, 20, 22, 27, 28, 30, 39, 46, 47, 53, 65, 66, 68, 74, 79, 85, 86, 98, 99, 111, 119, 161, 166], "summary": {"covered_lines": 33, "num_statements": 33, "percent_covered": 100.0, "percent_covered_display": "100", "missing_lines": 0, "excluded_lines": 0}, "missing_lines": [], "excluded_lines": []}}, "classes": {"PhaseConfig": {"executed_lines": [23, 24], "summary": {"covered_lines": 2, "num_statements": 2, "percent_covered": 100.0, "percent_covered_display": "100", "missing_lines": 0, "excluded_lines": 0}, "missing_lines": [], "excluded_lines": []}, "PhaseResult": {"executed_lines": [31, 32, 33, 34, 35, 36, 37, 41, 42, 43, 44, 49, 50], "summary": {"covered_lines": 13, "num_statements": 15, "percent_covered": 86.66666666666667, "percent_covered_display": "87", "missing_lines": 2, "excluded_lines": 0}, "missing_lines": [51, 55], "excluded_lines": []}, "Phase": {"executed_lines": [69, 70, 71, 72, 113, 114, 117, 121, 123, 125, 131, 132, 133, 134, 137, 139, 141, 142, 146, 147, 148, 149, 150, 152, 153, 154, 155, 156, 158, 159], "summary": {"covered_lines": 30, "num_statements": 45, "percent_covered": 66.66666666666667, "percent_covered_display": "67", "missing_lines": 15, "excluded_lines": 0}, "missing_lines": [76, 77, 81, 82, 83, 96, 109, 115, 116, 126, 127, 128, 163, 164, 168], "excluded_lines": []}, "": {"executed_lines": [1, 3, 4, 5, 6, 7, 8, 11, 12, 13, 15, 16, 17, 18, 19, 20, 22, 27, 28, 30, 39, 46, 47, 53, 65, 66, 68, 74, 79, 85, 86, 98, 99, 111, 119, 161, 166], "summary": {"covered_lines": 33, "num_statements": 33, "percent_covered": 100.0, "percent_covered_display": "100", "missing_lines": 0, "excluded_lines": 0}, "missing_lines": [], "excluded_lines": []}}}, "src\\research_platform\\fetchers\\__init__.py": {"executed_lines": [1, 3, 4, 6], "summary": {"covered_lines": 3, "num_statements": 3, "percent_covered": 100.0, "percent_covered_display": "100", "missing_lines": 0, "excluded_lines": 0}, "missing_lines": [], "excluded_lines": [], "functions": {"": {"executed_lines": [1, 3, 4, 6], "summary": {"covered_lines": 3, "num_statements": 3, "percent_covered": 100.0, "percent_covered_display": "100", "missing_lines": 0, "excluded_lines": 0}, "missing_lines": [], "excluded_lines": []}}, "classes": {"": {"executed_lines": [1, 3, 4, 6], "summary": {"covered_lines": 3, "num_statements": 3, "percent_covered": 100.0, "percent_covered_display": "100", "missing_lines": 0, "excluded_lines": 0}, "missing_lines": [], "excluded_lines": []}}}, "src\\research_platform\\fetchers\\base.py": {"executed_lines": [1, 3, 4, 7, 8, 10, 11, 15, 16], "summary": {"covered_lines": 7, "num_statements": 9, "percent_covered": 77.77777777777777, "percent_covered_display": "78", "missing_lines": 2, "excluded_lines": 0}, "missing_lines": [13, 18], "excluded_lines": [], "functions": {"BaseFetcher.fetch": {"executed_lines": [], "summary": {"covered_lines": 0, "num_statements": 1, "percent_covered": 0.0, "percent_covered_display": "0", "missing_lines": 1, "excluded_lines": 0}, "missing_lines": [13], "excluded_lines": []}, "BaseFetcher.validate": {"executed_lines": [], "summary": {"covered_lines": 0, "num_statements": 1, "percent_covered": 0.0, "percent_covered_display": "0", "missing_lines": 1, "excluded_lines": 0}, "missing_lines": [18], "excluded_lines": []}, "": {"executed_lines": [1, 3, 4, 7, 8, 10, 11, 15, 16], "summary": {"covered_lines": 7, "num_statements": 7, "percent_covered": 100.0, "percent_covered_display": "100", "missing_lines": 0, "excluded_lines": 0}, "missing_lines": [], "excluded_lines": []}}, "classes": {"BaseFetcher": {"executed_lines": [], "summary": {"covered_lines": 0, "num_statements": 2, "percent_covered": 0.0, "percent_covered_display": "0", "missing_lines": 2, "excluded_lines": 0}, "missing_lines": [13, 18], "excluded_lines": []}, "": {"executed_lines": [1, 3, 4, 7, 8, 10, 11, 15, 16], "summary": {"covered_lines": 7, "num_statements": 7, "percent_covered": 100.0, "percent_covered_display": "100", "missing_lines": 0, "excluded_lines": 0}, "missing_lines": [], "excluded_lines": []}}}, "src\\research_platform\\fetchers\\cache.py": {"executed_lines": [1, 3, 4, 5, 6, 7, 8, 10, 12, 15, 16, 18, 19, 20, 21, 23, 33, 35, 36, 38, 39, 40, 41, 44, 45, 47, 48, 51, 52, 54, 55, 57, 66, 68, 74, 75, 76, 77, 79, 81, 88, 89, 90, 93, 94, 96, 98, 99, 100], "summary": {"covered_lines": 47, "num_statements": 49, "percent_covered": 95.91836734693878, "percent_covered_display": "96", "missing_lines": 2, "excluded_lines": 0}, "missing_lines": [101, 102], "excluded_lines": [], "functions": {"CacheManager.__init__": {"executed_lines": [19, 20, 21], "summary": {"covered_lines": 3, "num_statements": 3, "percent_covered": 100.0, "percent_covered_display": "100", "missing_lines": 0, "excluded_lines": 0}, "missing_lines": [], "excluded_lines": []}, "CacheManager.get": {"executed_lines": [33, 35, 36, 38, 39, 40, 41, 44, 45, 47, 48, 51, 52, 54, 55], "summary": {"covered_lines": 15, "num_statements": 15, "percent_covered": 100.0, "percent_covered_display": "100", "missing_lines": 0, "excluded_lines": 0}, "missing_lines": [], "excluded_lines": []}, "CacheManager.set": {"executed_lines": [66, 68, 74, 75, 76, 77, 79], "summary": {"covered_lines": 7, "num_statements": 7, "percent_covered": 100.0, "percent_covered_display": "100", "missing_lines": 0, "excluded_lines": 0}, "missing_lines": [], "excluded_lines": []}, "CacheManager.clear": {"executed_lines": [88, 89, 90, 93, 94], "summary": {"covered_lines": 5, "num_statements": 5, "percent_covered": 100.0, "percent_covered_display": "100", "missing_lines": 0, "excluded_lines": 0}, "missing_lines": [], "excluded_lines": []}, "CacheManager._remove_cache_file": {"executed_lines": [98, 99, 100], "summary": {"covered_lines": 3, "num_statements": 5, "percent_covered": 60.0, "percent_covered_display": "60", "missing_lines": 2, "excluded_lines": 0}, "missing_lines": [101, 102], "excluded_lines": []}, "": {"executed_lines": [1, 3, 4, 5, 6, 7, 8, 10, 12, 15, 16, 18, 23, 57, 81, 96], "summary": {"covered_lines": 14, "num_statements": 14, "percent_covered": 100.0, "percent_covered_display": "100", "missing_lines": 0, "excluded_lines": 0}, "missing_lines": [], "excluded_lines": []}}, "classes": {"CacheManager": {"executed_lines": [19, 20, 21, 33, 35, 36, 38, 39, 40, 41, 44, 45, 47, 48, 51, 52, 54, 55, 66, 68, 74, 75, 76, 77, 79, 88, 89, 90, 93, 94, 98, 99, 100], "summary": {"covered_lines": 33, "num_statements": 35, "percent_covered": 94.28571428571429, "percent_covered_display": "94", "missing_lines": 2, "excluded_lines": 0}, "missing_lines": [101, 102], "excluded_lines": []}, "": {"executed_lines": [1, 3, 4, 5, 6, 7, 8, 10, 12, 15, 16, 18, 23, 57, 81, 96], "summary": {"covered_lines": 14, "num_statements": 14, "percent_covered": 100.0, "percent_covered_display": "100", "missing_lines": 0, "excluded_lines": 0}, "missing_lines": [], "excluded_lines": []}}}, "src\\research_platform\\fetchers\\github_fetcher.py": {"executed_lines": [1, 3, 4, 5, 7, 9, 10, 11, 12, 15, 16, 18, 29, 67, 82, 91, 131, 144], "summary": {"covered_lines": 16, "num_statements": 61, "percent_covered": 26.229508196721312, "percent_covered_display": "26", "missing_lines": 45, "excluded_lines": 0}, "missing_lines": [24, 25, 26, 27, 40, 41, 42, 43, 44, 46, 48, 49, 50, 51, 52, 55, 58, 60, 63, 65, 69, 71, 72, 73, 74, 75, 76, 77, 78, 80, 88, 89, 94, 95, 96, 97, 98, 101, 102, 103, 104, 107, 133, 146, 147], "excluded_lines": [], "functions": {"GitHubFetcher.__init__": {"executed_lines": [], "summary": {"covered_lines": 0, "num_statements": 4, "percent_covered": 0.0, "percent_covered_display": "0", "missing_lines": 4, "excluded_lines": 0}, "missing_lines": [24, 25, 26, 27], "excluded_lines": []}, "GitHubFetcher.fetch": {"executed_lines": [], "summary": {"covered_lines": 0, "num_statements": 16, "percent_covered": 0.0, "percent_covered_display": "0", "missing_lines": 16, "excluded_lines": 0}, "missing_lines": [40, 41, 42, 43, 44, 46, 48, 49, 50, 51, 52, 55, 58, 60, 63, 65], "excluded_lines": []}, "GitHubFetcher._fetch_repositories": {"executed_lines": [], "summary": {"covered_lines": 0, "num_statements": 10, "percent_covered": 0.0, "percent_covered_display": "0", "missing_lines": 10, "excluded_lines": 0}, "missing_lines": [69, 71, 72, 73, 74, 75, 76, 77, 78, 80], "excluded_lines": []}, "GitHubFetcher._convert_to_model": {"executed_lines": [], "summary": {"covered_lines": 0, "num_statements": 2, "percent_covered": 0.0, "percent_covered_display": "0", "missing_lines": 2, "excluded_lines": 0}, "missing_lines": [88, 89], "excluded_lines": []}, "GitHubFetcher._sync_convert": {"executed_lines": [], "summary": {"covered_lines": 0, "num_statements": 10, "percent_covered": 0.0, "percent_covered_display": "0", "missing_lines": 10, "excluded_lines": 0}, "missing_lines": [94, 95, 96, 97, 98, 101, 102, 103, 104, 107], "excluded_lines": []}, "GitHubFetcher._calculate_stats": {"executed_lines": [], "summary": {"covered_lines": 0, "num_statements": 1, "percent_covered": 0.0, "percent_covered_display": "0", "missing_lines": 1, "excluded_lines": 0}, "missing_lines": [133], "excluded_lines": []}, "GitHubFetcher.validate": {"executed_lines": [], "summary": {"covered_lines": 0, "num_statements": 2, "percent_covered": 0.0, "percent_covered_display": "0", "missing_lines": 2, "excluded_lines": 0}, "missing_lines": [146, 147], "excluded_lines": []}, "": {"executed_lines": [1, 3, 4, 5, 7, 9, 10, 11, 12, 15, 16, 18, 29, 67, 82, 91, 131, 144], "summary": {"covered_lines": 16, "num_statements": 16, "percent_covered": 100.0, "percent_covered_display": "100", "missing_lines": 0, "excluded_lines": 0}, "missing_lines": [], "excluded_lines": []}}, "classes": {"GitHubFetcher": {"executed_lines": [], "summary": {"covered_lines": 0, "num_statements": 45, "percent_covered": 0.0, "percent_covered_display": "0", "missing_lines": 45, "excluded_lines": 0}, "missing_lines": [24, 25, 26, 27, 40, 41, 42, 43, 44, 46, 48, 49, 50, 51, 52, 55, 58, 60, 63, 65, 69, 71, 72, 73, 74, 75, 76, 77, 78, 80, 88, 89, 94, 95, 96, 97, 98, 101, 102, 103, 104, 107, 133, 146, 147], "excluded_lines": []}, "": {"executed_lines": [1, 3, 4, 5, 7, 9, 10, 11, 12, 15, 16, 18, 29, 67, 82, 91, 131, 144], "summary": {"covered_lines": 16, "num_statements": 16, "percent_covered": 100.0, "percent_covered_display": "100", "missing_lines": 0, "excluded_lines": 0}, "missing_lines": [], "excluded_lines": []}}}, "src\\research_platform\\generators\\__init__.py": {"executed_lines": [1, 3, 4, 6], "summary": {"covered_lines": 3, "num_statements": 3, "percent_covered": 100.0, "percent_covered_display": "100", "missing_lines": 0, "excluded_lines": 0}, "missing_lines": [], "excluded_lines": [], "functions": {"": {"executed_lines": [1, 3, 4, 6], "summary": {"covered_lines": 3, "num_statements": 3, "percent_covered": 100.0, "percent_covered_display": "100", "missing_lines": 0, "excluded_lines": 0}, "missing_lines": [], "excluded_lines": []}}, "classes": {"": {"executed_lines": [1, 3, 4, 6], "summary": {"covered_lines": 3, "num_statements": 3, "percent_covered": 100.0, "percent_covered_display": "100", "missing_lines": 0, "excluded_lines": 0}, "missing_lines": [], "excluded_lines": []}}}, "src\\research_platform\\generators\\base.py": {"executed_lines": [1, 3, 4, 5, 8, 9, 11, 12, 25, 26], "summary": {"covered_lines": 8, "num_statements": 10, "percent_covered": 80.0, "percent_covered_display": "80", "missing_lines": 2, "excluded_lines": 0}, "missing_lines": [23, 28], "excluded_lines": [], "functions": {"BaseGenerator.generate": {"executed_lines": [], "summary": {"covered_lines": 0, "num_statements": 1, "percent_covered": 0.0, "percent_covered_display": "0", "missing_lines": 1, "excluded_lines": 0}, "missing_lines": [23], "excluded_lines": []}, "BaseGenerator.validate_output": {"executed_lines": [], "summary": {"covered_lines": 0, "num_statements": 1, "percent_covered": 0.0, "percent_covered_display": "0", "missing_lines": 1, "excluded_lines": 0}, "missing_lines": [28], "excluded_lines": []}, "": {"executed_lines": [1, 3, 4, 5, 8, 9, 11, 12, 25, 26], "summary": {"covered_lines": 8, "num_statements": 8, "percent_covered": 100.0, "percent_covered_display": "100", "missing_lines": 0, "excluded_lines": 0}, "missing_lines": [], "excluded_lines": []}}, "classes": {"BaseGenerator": {"executed_lines": [], "summary": {"covered_lines": 0, "num_statements": 2, "percent_covered": 0.0, "percent_covered_display": "0", "missing_lines": 2, "excluded_lines": 0}, "missing_lines": [23, 28], "excluded_lines": []}, "": {"executed_lines": [1, 3, 4, 5, 8, 9, 11, 12, 25, 26], "summary": {"covered_lines": 8, "num_statements": 8, "percent_covered": 100.0, "percent_covered_display": "100", "missing_lines": 0, "excluded_lines": 0}, "missing_lines": [], "excluded_lines": []}}}, "src\\research_platform\\generators\\markdown.py": {"executed_lines": [1, 3, 4, 5, 6, 8, 9, 11, 14, 15, 17, 22, 23, 24, 27, 28, 30, 41, 43, 44, 45, 48, 51, 52, 54, 55, 57, 58, 59, 61, 63, 64, 67, 69, 70, 72, 73, 74, 75, 76, 78, 79, 81], "summary": {"covered_lines": 41, "num_statements": 41, "percent_covered": 100.0, "percent_covered_display": "100", "missing_lines": 0, "excluded_lines": 0}, "missing_lines": [], "excluded_lines": [], "functions": {"MarkdownGenerator.__init__": {"executed_lines": [22, 23, 24, 27, 28], "summary": {"covered_lines": 5, "num_statements": 5, "percent_covered": 100.0, "percent_covered_display": "100", "missing_lines": 0, "excluded_lines": 0}, "missing_lines": [], "excluded_lines": []}, "MarkdownGenerator.generate": {"executed_lines": [41, 43, 44, 45, 48, 51, 52, 54, 55, 57, 58, 59], "summary": {"covered_lines": 12, "num_statements": 12, "percent_covered": 100.0, "percent_covered_display": "100", "missing_lines": 0, "excluded_lines": 0}, "missing_lines": [], "excluded_lines": []}, "MarkdownGenerator.validate_output": {"executed_lines": [63, 64, 67], "summary": {"covered_lines": 3, "num_statements": 3, "percent_covered": 100.0, "percent_covered_display": "100", "missing_lines": 0, "excluded_lines": 0}, "missing_lines": [], "excluded_lines": []}, "MarkdownGenerator._format_date": {"executed_lines": [72, 73, 74, 75, 76], "summary": {"covered_lines": 5, "num_statements": 5, "percent_covered": 100.0, "percent_covered_display": "100", "missing_lines": 0, "excluded_lines": 0}, "missing_lines": [], "excluded_lines": []}, "MarkdownGenerator._format_number": {"executed_lines": [81], "summary": {"covered_lines": 1, "num_statements": 1, "percent_covered": 100.0, "percent_covered_display": "100", "missing_lines": 0, "excluded_lines": 0}, "missing_lines": [], "excluded_lines": []}, "": {"executed_lines": [1, 3, 4, 5, 6, 8, 9, 11, 14, 15, 17, 30, 61, 69, 70, 78, 79], "summary": {"covered_lines": 15, "num_statements": 15, "percent_covered": 100.0, "percent_covered_display": "100", "missing_lines": 0, "excluded_lines": 0}, "missing_lines": [], "excluded_lines": []}}, "classes": {"MarkdownGenerator": {"executed_lines": [22, 23, 24, 27, 28, 41, 43, 44, 45, 48, 51, 52, 54, 55, 57, 58, 59, 63, 64, 67, 72, 73, 74, 75, 76, 81], "summary": {"covered_lines": 26, "num_statements": 26, "percent_covered": 100.0, "percent_covered_display": "100", "missing_lines": 0, "excluded_lines": 0}, "missing_lines": [], "excluded_lines": []}, "": {"executed_lines": [1, 3, 4, 5, 6, 8, 9, 11, 14, 15, 17, 30, 61, 69, 70, 78, 79], "summary": {"covered_lines": 15, "num_statements": 15, "percent_covered": 100.0, "percent_covered_display": "100", "missing_lines": 0, "excluded_lines": 0}, "missing_lines": [], "excluded_lines": []}}}, "src\\research_platform\\generators\\visualizations.py": {"executed_lines": [1, 3, 4, 5, 7, 9, 12, 13, 15, 18, 57, 74, 89, 132], "summary": {"covered_lines": 12, "num_statements": 48, "percent_covered": 25.0, "percent_covered_display": "25", "missing_lines": 36, "excluded_lines": 0}, "missing_lines": [16, 29, 31, 32, 33, 34, 35, 36, 37, 39, 42, 45, 50, 51, 53, 54, 55, 59, 70, 72, 76, 85, 87, 92, 93, 96, 97, 98, 99, 101, 109, 112, 122, 123, 130, 134], "excluded_lines": [], "functions": {"VisualizationGenerator.__init__": {"executed_lines": [], "summary": {"covered_lines": 0, "num_statements": 1, "percent_covered": 0.0, "percent_covered_display": "0", "missing_lines": 1, "excluded_lines": 0}, "missing_lines": [16], "excluded_lines": []}, "VisualizationGenerator.generate": {"executed_lines": [], "summary": {"covered_lines": 0, "num_statements": 16, "percent_covered": 0.0, "percent_covered_display": "0", "missing_lines": 16, "excluded_lines": 0}, "missing_lines": [29, 31, 32, 33, 34, 35, 36, 37, 39, 42, 45, 50, 51, 53, 54, 55], "excluded_lines": []}, "VisualizationGenerator._create_scatter": {"executed_lines": [], "summary": {"covered_lines": 0, "num_statements": 3, "percent_covered": 0.0, "percent_covered_display": "0", "missing_lines": 3, "excluded_lines": 0}, "missing_lines": [59, 70, 72], "excluded_lines": []}, "VisualizationGenerator._create_bar": {"executed_lines": [], "summary": {"covered_lines": 0, "num_statements": 3, "percent_covered": 0.0, "percent_covered_display": "0", "missing_lines": 3, "excluded_lines": 0}, "missing_lines": [76, 85, 87], "excluded_lines": []}, "VisualizationGenerator._create_network": {"executed_lines": [], "summary": {"covered_lines": 0, "num_statements": 12, "percent_covered": 0.0, "percent_covered_display": "0", "missing_lines": 12, "excluded_lines": 0}, "missing_lines": [92, 93, 96, 97, 98, 99, 101, 109, 112, 122, 123, 130], "excluded_lines": []}, "VisualizationGenerator.validate_output": {"executed_lines": [], "summary": {"covered_lines": 0, "num_statements": 1, "percent_covered": 0.0, "percent_covered_display": "0", "missing_lines": 1, "excluded_lines": 0}, "missing_lines": [134], "excluded_lines": []}, "": {"executed_lines": [1, 3, 4, 5, 7, 9, 12, 13, 15, 18, 57, 74, 89, 132], "summary": {"covered_lines": 12, "num_statements": 12, "percent_covered": 100.0, "percent_covered_display": "100", "missing_lines": 0, "excluded_lines": 0}, "missing_lines": [], "excluded_lines": []}}, "classes": {"VisualizationGenerator": {"executed_lines": [], "summary": {"covered_lines": 0, "num_statements": 36, "percent_covered": 0.0, "percent_covered_display": "0", "missing_lines": 36, "excluded_lines": 0}, "missing_lines": [16, 29, 31, 32, 33, 34, 35, 36, 37, 39, 42, 45, 50, 51, 53, 54, 55, 59, 70, 72, 76, 85, 87, 92, 93, 96, 97, 98, 99, 101, 109, 112, 122, 123, 130, 134], "excluded_lines": []}, "": {"executed_lines": [1, 3, 4, 5, 7, 9, 12, 13, 15, 18, 57, 74, 89, 132], "summary": {"covered_lines": 12, "num_statements": 12, "percent_covered": 100.0, "percent_covered_display": "100", "missing_lines": 0, "excluded_lines": 0}, "missing_lines": [], "excluded_lines": []}}}, "src\\research_platform\\models\\repository.py": {"executed_lines": [1, 3, 4, 5, 8, 9, 10, 13, 14, 15, 18, 19, 20, 21, 24, 25, 26, 27, 28, 31, 32, 33, 36, 37, 38, 39, 40, 41, 42, 43, 46, 49, 50, 51, 52, 55, 57, 59, 62, 63, 64, 66, 68, 69, 72, 73, 74, 75, 79, 81, 82, 84, 85, 89, 90, 94, 122, 123, 125, 127, 128, 130, 131, 132, 134, 135, 137, 138, 139, 141, 143, 145, 147, 149, 155, 156, 166, 167, 169, 172, 173, 175, 178, 179, 182, 183, 186, 187, 188, 189, 192, 193, 194, 196, 198, 204, 206, 214, 216, 218, 220, 223, 226, 227, 228, 229, 230, 231, 232, 233, 236, 237, 238, 239, 241, 242, 243, 244, 245, 248, 249, 250, 251, 252, 253, 254, 256, 257, 258, 259, 261, 263, 270, 271, 273, 275, 277, 279, 280, 282, 284, 286, 288, 290], "summary": {"covered_lines": 140, "num_statements": 152, "percent_covered": 92.10526315789474, "percent_covered_display": "92", "missing_lines": 12, "excluded_lines": 3}, "missing_lines": [86, 87, 91, 92, 215, 217, 219, 221, 240, 274, 276, 278], "excluded_lines": [288, 289, 290], "functions": {"Repository.to_dict": {"executed_lines": [59, 62, 63, 64, 66], "summary": {"covered_lines": 5, "num_statements": 5, "percent_covered": 100.0, "percent_covered_display": "100", "missing_lines": 0, "excluded_lines": 0}, "missing_lines": [], "excluded_lines": []}, "Repository.from_dict": {"executed_lines": [72, 73, 74, 75, 79], "summary": {"covered_lines": 5, "num_statements": 5, "percent_covered": 100.0, "percent_covered_display": "100", "missing_lines": 0, "excluded_lines": 0}, "missing_lines": [], "excluded_lines": []}, "Repository.from_github": {"executed_lines": [84, 85, 89, 90, 94], "summary": {"covered_lines": 5, "num_statements": 9, "percent_covered": 55.55555555555556, "percent_covered_display": "56", "missing_lines": 4, "excluded_lines": 0}, "missing_lines": [86, 87, 91, 92], "excluded_lines": []}, "Repository.is_active": {"executed_lines": [125], "summary": {"covered_lines": 1, "num_statements": 1, "percent_covered": 100.0, "percent_covered_display": "100", "missing_lines": 0, "excluded_lines": 0}, "missing_lines": [], "excluded_lines": []}, "Repository.age_days": {"executed_lines": [130, 131, 132], "summary": {"covered_lines": 3, "num_statements": 3, "percent_covered": 100.0, "percent_covered_display": "100", "missing_lines": 0, "excluded_lines": 0}, "missing_lines": [], "excluded_lines": []}, "Repository.days_since_update": {"executed_lines": [137, 138, 139], "summary": {"covered_lines": 3, "num_statements": 3, "percent_covered": 100.0, "percent_covered_display": "100", "missing_lines": 0, "excluded_lines": 0}, "missing_lines": [], "excluded_lines": []}, "Repository.add_research_metadata": {"executed_lines": [143], "summary": {"covered_lines": 1, "num_statements": 1, "percent_covered": 100.0, "percent_covered_display": "100", "missing_lines": 0, "excluded_lines": 0}, "missing_lines": [], "excluded_lines": []}, "Repository.add_citation": {"executed_lines": [147], "summary": {"covered_lines": 1, "num_statements": 1, "percent_covered": 100.0, "percent_covered_display": "100", "missing_lines": 0, "excluded_lines": 0}, "missing_lines": [], "excluded_lines": []}, "Repository.get_health_score": {"executed_lines": [155, 156, 166, 167, 169, 172, 173, 175, 178, 179, 182, 183, 186, 187, 188, 189, 192, 193, 194, 196], "summary": {"covered_lines": 20, "num_statements": 20, "percent_covered": 100.0, "percent_covered_display": "100", "missing_lines": 0, "excluded_lines": 0}, "missing_lines": [], "excluded_lines": []}, "Repository.calculate_health_score": {"executed_lines": [204, 206, 214, 216, 218, 220, 223, 226, 227, 228, 229, 230, 231, 232, 233, 236, 237, 238, 239, 241, 242, 243, 244, 245, 248, 249, 250, 251, 252, 253, 254, 256, 257, 258, 259, 261, 263], "summary": {"covered_lines": 37, "num_statements": 42, "percent_covered": 88.0952380952381, "percent_covered_display": "88", "missing_lines": 5, "excluded_lines": 0}, "missing_lines": [215, 217, 219, 221, 240], "excluded_lines": []}, "Repository._score_to_grade": {"executed_lines": [273, 275, 277, 279, 280, 282], "summary": {"covered_lines": 6, "num_statements": 9, "percent_covered": 66.66666666666667, "percent_covered_display": "67", "missing_lines": 3, "excluded_lines": 0}, "missing_lines": [274, 276, 278], "excluded_lines": []}, "Repository.__str__": {"executed_lines": [286], "summary": {"covered_lines": 1, "num_statements": 1, "percent_covered": 100.0, "percent_covered_display": "100", "missing_lines": 0, "excluded_lines": 0}, "missing_lines": [], "excluded_lines": []}, "Repository.__repr__": {"executed_lines": [290], "summary": {"covered_lines": 0, "num_statements": 0, "percent_covered": 100.0, "percent_covered_display": "100", "missing_lines": 0, "excluded_lines": 2}, "missing_lines": [], "excluded_lines": [289, 290]}, "": {"executed_lines": [1, 3, 4, 5, 8, 9, 10, 13, 14, 15, 18, 19, 20, 21, 24, 25, 26, 27, 28, 31, 32, 33, 36, 37, 38, 39, 40, 41, 42, 43, 46, 49, 50, 51, 52, 55, 57, 68, 69, 81, 82, 122, 123, 127, 128, 134, 135, 141, 145, 149, 198, 270, 271, 284, 288], "summary": {"covered_lines": 52, "num_statements": 52, "percent_covered": 100.0, "percent_covered_display": "100", "missing_lines": 0, "excluded_lines": 1}, "missing_lines": [], "excluded_lines": [288]}}, "classes": {"Repository": {"executed_lines": [59, 62, 63, 64, 66, 72, 73, 74, 75, 79, 84, 85, 89, 90, 94, 125, 130, 131, 132, 137, 138, 139, 143, 147, 155, 156, 166, 167, 169, 172, 173, 175, 178, 179, 182, 183, 186, 187, 188, 189, 192, 193, 194, 196, 204, 206, 214, 216, 218, 220, 223, 226, 227, 228, 229, 230, 231, 232, 233, 236, 237, 238, 239, 241, 242, 243, 244, 245, 248, 249, 250, 251, 252, 253, 254, 256, 257, 258, 259, 261, 263, 273, 275, 277, 279, 280, 282, 286, 290], "summary": {"covered_lines": 88, "num_statements": 100, "percent_covered": 88.0, "percent_covered_display": "88", "missing_lines": 12, "excluded_lines": 2}, "missing_lines": [86, 87, 91, 92, 215, 217, 219, 221, 240, 274, 276, 278], "excluded_lines": [289, 290]}, "": {"executed_lines": [1, 3, 4, 5, 8, 9, 10, 13, 14, 15, 18, 19, 20, 21, 24, 25, 26, 27, 28, 31, 32, 33, 36, 37, 38, 39, 40, 41, 42, 43, 46, 49, 50, 51, 52, 55, 57, 68, 69, 81, 82, 122, 123, 127, 128, 134, 135, 141, 145, 149, 198, 270, 271, 284, 288], "summary": {"covered_lines": 52, "num_statements": 52, "percent_covered": 100.0, "percent_covered_display": "100", "missing_lines": 0, "excluded_lines": 1}, "missing_lines": [], "excluded_lines": [288]}}}}, "totals": {"covered_lines": 704, "num_statements": 916, "percent_covered": 76.85589519650655, "percent_covered_display": "77", "missing_lines": 212, "excluded_lines": 5}}
